mode: set
episode-3/app/controller/movie_delete.go:24.38,28.38 3 1
episode-3/app/controller/movie_delete.go:34.2,35.95 2 1
episode-3/app/controller/movie_delete.go:41.2,44.4 2 1
episode-3/app/controller/movie_delete.go:28.38,32.3 1 1
episode-3/app/controller/movie_delete.go:35.95,39.3 1 1
episode-3/app/controller/movie_get.go:18.35,27.2 4 1
episode-3/app/controller/movie_id_get.go:24.37,28.38 3 1
episode-3/app/controller/movie_id_get.go:34.2,35.95 2 1
episode-3/app/controller/movie_id_get.go:41.2,44.4 1 1
episode-3/app/controller/movie_id_get.go:28.38,32.3 1 1
episode-3/app/controller/movie_id_get.go:35.95,39.3 1 1
episode-3/app/controller/movie_post.go:20.36,23.48 3 1
episode-3/app/controller/movie_post.go:29.2,34.4 3 1
episode-3/app/controller/movie_post.go:23.48,27.3 1 1
episode-3/app/controller/movie_put.go:26.35,31.38 4 1
episode-3/app/controller/movie_put.go:37.2,37.48 1 1
episode-3/app/controller/movie_put.go:43.2,44.100 2 1
episode-3/app/controller/movie_put.go:50.2,53.23 3 1
episode-3/app/controller/movie_put.go:57.2,58.21 2 1
episode-3/app/controller/movie_put.go:62.2,63.25 2 1
episode-3/app/controller/movie_put.go:67.2,68.26 2 1
episode-3/app/controller/movie_put.go:72.2,81.4 5 1
episode-3/app/controller/movie_put.go:31.38,35.3 1 1
episode-3/app/controller/movie_put.go:37.48,41.3 1 1
episode-3/app/controller/movie_put.go:44.100,48.3 1 0
episode-3/app/controller/movie_put.go:53.23,55.3 1 1
episode-3/app/controller/movie_put.go:58.21,60.3 1 1
episode-3/app/controller/movie_put.go:63.25,65.3 1 1
episode-3/app/controller/movie_put.go:68.26,70.3 1 1
